<?xml version="1.0" encoding="UTF-8"?>
<testsuite xmlns:xsi="http://www.w3.org/2001/XMLSchema-instance" xsi:noNamespaceSchemaLocation="https://maven.apache.org/surefire/maven-surefire-plugin/xsd/surefire-test-report.xsd" name="com.example.studileih.StudileihApplicationTests" time="15.68" tests="19" errors="15" skipped="0" failures="0">
  <properties>
[...]
</properties>
  <testcase name="whenSenderAndReceiverGetDeleted_thenAlsoDeleteTheMessages" classname="com.example.studileih.StudileihApplicationTests" time="0.029"/>
  <testcase name="whenDescriptionContainsForbiddenChars_thenReturn400" classname="com.example.studileih.StudileihApplicationTests" time="0.017">
    <error type="java.lang.NullPointerException">java.lang.NullPointerException
	at com.example.studileih.StudileihApplicationTests.whenDescriptionContainsForbiddenChars_thenReturn400(StudileihApplicationTests.java:170)
</error>
  </testcase>
  <testcase name="whenCategoryContainsForbiddenChars_thenReturn400" classname="com.example.studileih.StudileihApplicationTests" time="0.004">
    <error type="java.lang.NullPointerException">java.lang.NullPointerException
	at com.example.studileih.StudileihApplicationTests.whenCategoryContainsForbiddenChars_thenReturn400(StudileihApplicationTests.java:221)
</error>
  </testcase>
  <testcase name="whenStartDateIsNullButEndDateIsProvided_thenReturn400" classname="com.example.studileih.StudileihApplicationTests" time="0.005">
    <error type="java.lang.NullPointerException">java.lang.NullPointerException
	at com.example.studileih.StudileihApplicationTests.whenStartDateIsNullButEndDateIsProvided_thenReturn400(StudileihApplicationTests.java:343)
</error>
  </testcase>
  <testcase name="whenPriceIsNegative_thenReturn400" classname="com.example.studileih.StudileihApplicationTests" time="0.005">
    <error message="begin 0, end -1, length 10" type="java.lang.StringIndexOutOfBoundsException">java.lang.StringIndexOutOfBoundsException: begin 0, end -1, length 10
	at com.example.studileih.StudileihApplicationTests.whenPriceIsNegative_thenReturn400(StudileihApplicationTests.java:255)
</error>
  </testcase>
  <testcase name="whenPriceIsTooHigh_thenReturn200" classname="com.example.studileih.StudileihApplicationTests" time="0.006">
    <error message="begin 0, end -1, length 10" type="java.lang.StringIndexOutOfBoundsException">java.lang.StringIndexOutOfBoundsException: begin 0, end -1, length 10
	at com.example.studileih.StudileihApplicationTests.whenPriceIsTooHigh_thenReturn200(StudileihApplicationTests.java:272)
</error>
  </testcase>
  <testcase name="whenStartDateIsBeforeCurrentDate_thenReturn400" classname="com.example.studileih.StudileihApplicationTests" time="0.005">
    <error message="begin 0, end -1, length 9" type="java.lang.StringIndexOutOfBoundsException">java.lang.StringIndexOutOfBoundsException: begin 0, end -1, length 9
	at com.example.studileih.StudileihApplicationTests.whenStartDateIsBeforeCurrentDate_thenReturn400(StudileihApplicationTests.java:289)
</error>
  </testcase>
  <testcase name="whenTitleIsEmpty_thenReturn400" classname="com.example.studileih.StudileihApplicationTests" time="0.004">
    <error type="java.lang.NullPointerException">java.lang.NullPointerException
	at com.example.studileih.StudileihApplicationTests.whenTitleIsEmpty_thenReturn400(StudileihApplicationTests.java:153)
</error>
  </testcase>
  <testcase name="whenUsingS3_thenFileLocationEqualsStringInApplicationProperties" classname="com.example.studileih.StudileihApplicationTests" time="0.005"/>
  <testcase name="whenStartDateIsNull_PickUpTimeMustAlsoBeNull_thenReturn400" classname="com.example.studileih.StudileihApplicationTests" time="0.005">
    <error type="java.lang.NullPointerException">java.lang.NullPointerException
	at com.example.studileih.StudileihApplicationTests.whenStartDateIsNull_PickUpTimeMustAlsoBeNull_thenReturn400(StudileihApplicationTests.java:307)
</error>
  </testcase>
  <testcase name="whenCategoryContainsNoForbiddenChars_thenReturn200" classname="com.example.studileih.StudileihApplicationTests" time="0.004">
    <error type="java.lang.NullPointerException">java.lang.NullPointerException
	at com.example.studileih.StudileihApplicationTests.whenCategoryContainsNoForbiddenChars_thenReturn200(StudileihApplicationTests.java:238)
</error>
  </testcase>
  <testcase name="whenTitleContainsForbiddenChars2_thenReturn400" classname="com.example.studileih.StudileihApplicationTests" time="0.006">
    <error type="java.lang.NullPointerException">java.lang.NullPointerException
	at com.example.studileih.StudileihApplicationTests.whenTitleContainsForbiddenChars2_thenReturn400(StudileihApplicationTests.java:204)
</error>
  </testcase>
  <testcase name="whenInputIsValid_thenReturn200" classname="com.example.studileih.StudileihApplicationTests" time="0.004">
    <error message="begin 0, end -1, length 10" type="java.lang.StringIndexOutOfBoundsException">java.lang.StringIndexOutOfBoundsException: begin 0, end -1, length 10
	at com.example.studileih.StudileihApplicationTests.whenInputIsValid_thenReturn200(StudileihApplicationTests.java:119)
</error>
  </testcase>
  <testcase name="whenStartDateIsEqualToEndDateAndPickUpTimeIsAfterReturnTime_thenReturn400" classname="com.example.studileih.StudileihApplicationTests" time="0.004">
    <error message="begin 0, end -1, length 10" type="java.lang.StringIndexOutOfBoundsException">java.lang.StringIndexOutOfBoundsException: begin 0, end -1, length 10
	at com.example.studileih.StudileihApplicationTests.whenStartDateIsEqualToEndDateAndPickUpTimeIsAfterReturnTime_thenReturn400(StudileihApplicationTests.java:361)
</error>
  </testcase>
  <testcase name="whenDescriptionIsEmpty_thenReturn400" classname="com.example.studileih.StudileihApplicationTests" time="0.004">
    <error type="java.lang.NullPointerException">java.lang.NullPointerException
	at com.example.studileih.StudileihApplicationTests.whenDescriptionIsEmpty_thenReturn400(StudileihApplicationTests.java:136)
</error>
  </testcase>
  <testcase name="contextLoads" classname="com.example.studileih.StudileihApplicationTests" time="0.003"/>
  <testcase name="whenStartDateIsBeforeEndDate_thenReturn400" classname="com.example.studileih.StudileihApplicationTests" time="0.003">
    <error message="begin 0, end -1, length 10" type="java.lang.StringIndexOutOfBoundsException">java.lang.StringIndexOutOfBoundsException: begin 0, end -1, length 10
	at com.example.studileih.StudileihApplicationTests.whenStartDateIsBeforeEndDate_thenReturn400(StudileihApplicationTests.java:325)
</error>
  </testcase>
  <testcase name="whenTitleContainsForbiddenChars_thenReturn400" classname="com.example.studileih.StudileihApplicationTests" time="0.003">
    <error type="java.lang.NullPointerException">java.lang.NullPointerException
	at com.example.studileih.StudileihApplicationTests.whenTitleContainsForbiddenChars_thenReturn400(StudileihApplicationTests.java:187)
</error>
  </testcase>
  <testcase name="simplyTestThatJasyptEncryptionWorks" classname="com.example.studileih.StudileihApplicationTests" time="0.491"/>
</testsuite>